#
# A fatal error has been detected by the Java Runtime Environment:
#
#  SIGSEGV (0xb) at pc=0x00007fff69d9ca57, pid=17103, tid=0x0000000000000307
#
# JRE version: Java(TM) SE Runtime Environment (8.0_111-b14) (build 1.8.0_111-b14)
# Java VM: Java HotSpot(TM) 64-Bit Server VM (25.111-b14 mixed mode bsd-amd64 compressed oops)
# Problematic frame:
# C  [libobjc.A.dylib+0x7a57]  objc_msgSend+0x57
#
# Failed to write core dump. Core dumps have been disabled. To enable core dumping, try "ulimit -c unlimited" before starting Java again
#
# If you would like to submit a bug report, please visit:
#   http://bugreport.java.com/bugreport/crash.jsp
#

---------------  T H R E A D  ---------------

Current thread is native thread

siginfo: si_signo: 11 (SIGSEGV), si_code: 0 (unknown), si_addr: 0x0000000000000000

Registers:
RAX=0x0000000000000000, RBX=0x00007f83c507e200, RCX=0x0000000126fe6db7, RDX=0x0000000126fe6515
RSP=0x00007ffee1942418, RBP=0x00007ffee1942440, RSI=0x00007fff40656621, RDI=0x00007f83c508e2c8
R8 =0x00000000000f06ff, R9 =0x0000000000000000, R10=0x000000010f855e90, R11=0x580ff2c82a0f48f2
R12=0x0000000000000000, R13=0x0000000000000000, R14=0x00007fff69d9ca00, R15=0x00007fff9dc720c0
RIP=0x00007fff69d9ca57, EFLAGS=0x0000000000010246, ERR=0x0000000000000000
  TRAPNO=0x000000000000000d

Top of Stack: (sp=0x00007ffee1942418)
0x00007ffee1942418:   0000000126fdedc7 0000000126fee750
0x00007ffee1942428:   0000700002bdb0f0 0000000126fe64be
0x00007ffee1942438:   00007fff9dc720c0 00007ffee1942460
0x00007ffee1942448:   0000000126fdefd7 0000000126fee750
0x00007ffee1942458:   0000700002bdb098 00007ffee1942480
0x00007ffee1942468:   0000000126fd9e56 0000700002bdafe0
0x00007ffee1942478:   0000000000000000 00007ffee19424a0
0x00007ffee1942488:   00007fff6ae2bdcf 0000700002bdb030
0x00007ffee1942498:   0000700002bdafe0 00007ffee19424e0
0x00007ffee19424a8:   00007fff6ae37aed 00007fff9dc720c0
0x00007ffee19424b8:   0000000000000000 000000002b31009c
0x00007ffee19424c8:   0000700002bdafe0 0000000000000013
0x00007ffee19424d8:   0000000000000000 00007ffee1942500
0x00007ffee19424e8:   00007fff6ae2bdcf 00000000000020ff
0x00007ffee19424f8:   0000700002bdafe0 00007ffee1942590
0x00007ffee1942508:   00007fff6ae36f63 0000000000000000
0x00007ffee1942518:   0000000000000000 0000000000000000
0x00007ffee1942528:   0000000000000000 00007fff9dc720c0
0x00007ffee1942538:   0000000000000000 0000000000000000
0x00007ffee1942548:   0000700002bdafe0 0000000000000000
0x00007ffee1942558:   00000000000020ff 0000000000000000
0x00007ffee1942568:   00007f83c360b2f0 0000000000000000
0x00007ffee1942578:   00007ffee1942660 0000000000001503
0x00007ffee1942588:   00007f83c360b3f0 00007ffee19425a0
0x00007ffee1942598:   00007fff3dc9de8b 00007ffee1943290
0x00007ffee19425a8:   00007fff3dc9d59a 000000005bd04dd9
0x00007ffee19425b8:   00007fff3bddbf1e 0000000000001103
0x00007ffee19425c8:   0000000000001503 00007fff966aa8f0
0x00007ffee19425d8:   00007fff3bdddce3 00007fff3bde4289
0x00007ffee19425e8:   00007fff3bddbeca 00007fffe22e858c
0x00007ffee19425f8:   0000000000000000 00007f83c3400900
0x00007ffee1942608:   ffffffffffffffff 0000000000000000 

Instructions: (pc=0x00007fff69d9ca57)
0x00007fff69d9ca37:   0d 49 83 c3 10 49 3b 33 75 f1 41 ff 63 08 72 68
0x00007fff69d9ca47:   4d 8b 5b 08 eb 0a 49 83 3b 01 76 0d 49 83 c3 10
0x00007fff69d9ca57:   49 3b 33 75 f1 41 ff 63 08 eb 4d 66 0f 1f 44 00
0x00007fff69d9ca67:   00 31 c0 31 d2 0f 57 c0 0f 57 c9 c3 41 89 fb 41 

Register to memory mapping:

RAX=0x0000000000000000 is an unknown value
RBX=0x00007f83c507e200 is an unknown value
RCX=0x0000000126fe6db7: GCC_except_table25+0xeff in /private/var/folders/j0/m6tgr96x72s3chm5stvggyhc0000gn/T/bluecove_luchiparejo_0/libbluecove.jnilib at 0x0000000126fd6000
RDX=0x0000000126fe6515: GCC_except_table25+0x65d in /private/var/folders/j0/m6tgr96x72s3chm5stvggyhc0000gn/T/bluecove_luchiparejo_0/libbluecove.jnilib at 0x0000000126fd6000
RSP=0x00007ffee1942418 is an unknown value
RBP=0x00007ffee1942440 is an unknown value
RSI=0x00007fff40656621: kBasic_Imaging_Image_Pull_Profile_UUID_Size+0x1ea1 in /System/Library/Frameworks/IOBluetooth.framework/Versions/A/IOBluetooth at 0x00007fff40570000
RDI=0x00007f83c508e2c8 is an unknown value
R8 =0x00000000000f06ff is an unknown value
R9 =0x0000000000000000 is an unknown value
R10=0x000000010f855e90: _ZTV17MachSpillCopyNode+0x10 in /Library/Java/JavaVirtualMachines/jdk1.8.0_111.jdk/Contents/Home/jre/lib/server/libjvm.dylib at 0x000000010f000000
R11=0x580ff2c82a0f48f2 is an unknown value
R12=0x0000000000000000 is an unknown value
R13=0x0000000000000000 is an unknown value
R14=0x00007fff69d9ca00: objc_msgSend+0 in /usr/lib/libobjc.A.dylib at 0x00007fff69d95000
R15=0x00007fff9dc720c0: _dispatch_main_q+0 in /usr/lib/system/libdispatch.dylib at 0x00007fff6ae28000


Stack: [0x00007ffee1145000,0x00007ffee1945000],  sp=0x00007ffee1942418,  free space=8181k
Native frames: (J=compiled Java code, j=interpreted, Vv=VM code, C=native code)
C  [libobjc.A.dylib+0x7a57]  objc_msgSend+0x57
C  [libbluecove.jnilib+0x8fd7]  _ZN18RFCOMMChannelClose3runEv+0x15
C  [libbluecove.jnilib+0x3e56]  ___Z22synchronousBTOperationP8Runnable_block_invoke+0x6b
C  [libdispatch.dylib+0x3dcf]  _dispatch_client_callout+0x8
C  [libdispatch.dylib+0xfaed]  _dispatch_async_and_wait_invoke+0x57
C  [libdispatch.dylib+0x3dcf]  _dispatch_client_callout+0x8
C  [libdispatch.dylib+0xef63]  _dispatch_main_queue_callback_4CF+0x465
C  [CoreFoundation+0x3be8b]  __CFRUNLOOP_IS_SERVICING_THE_MAIN_DISPATCH_QUEUE__+0x9
C  [CoreFoundation+0x3b59a]  __CFRunLoopRun+0x91f
C  [CoreFoundation+0x3aa28]  CFRunLoopRunSpecific+0x1cf
C  [java+0x6465]  CreateExecutionEnvironment+0x367
C  [java+0x218c]  JLI_Launch+0x7a0
C  [java+0x84c2]  main+0x65
C  [java+0x19e4]  start+0x34


---------------  P R O C E S S  ---------------

VM state:not at safepoint (normal execution)

VM Mutex/Monitor currently owned by a thread: None

Heap:
 PSYoungGen      total 38400K, used 5344K [0x0000000795580000, 0x0000000798000000, 0x00000007c0000000)
  eden space 33280K, 16% used [0x0000000795580000,0x0000000795ab8300,0x0000000797600000)
  from space 5120K, 0% used [0x0000000797b00000,0x0000000797b00000,0x0000000798000000)
  to   space 5120K, 0% used [0x0000000797600000,0x0000000797600000,0x0000000797b00000)
 ParOldGen       total 87552K, used 0K [0x0000000740000000, 0x0000000745580000, 0x0000000795580000)
  object space 87552K, 0% used [0x0000000740000000,0x0000000740000000,0x0000000745580000)
 Metaspace       used 6363K, capacity 6548K, committed 6784K, reserved 1056768K
  class space    used 711K, capacity 776K, committed 896K, reserved 1048576K

Card table byte_map: [0x000000011f361000,0x000000011f762000] byte_map_base: 0x000000011b961000

Marking Bits: (ParMarkBitMap*) 0x000000010f8efd20
 Begin Bits: [0x000000011fa0d000, 0x0000000121a0d000)
 End Bits:   [0x0000000121a0d000, 0x0000000123a0d000)

Polling page: 0x000000010e329000

CodeCache: size=245760Kb used=1745Kb max_used=1754Kb free=244014Kb
 bounds [0x000000010ffa1000, 0x0000000110211000, 0x000000011efa1000]
 total_blobs=660 nmethods=343 adapters=231
 compilation: enabled

Compilation events (10 events):
Event: 41.826 Thread 0x00007f83c3824000  338       3       java.lang.Character::isHighSurrogate (18 bytes)
Event: 41.826 Thread 0x00007f83c3824000 nmethod 338 0x0000000110153950 code [0x0000000110153ac0, 0x0000000110153c90]
Event: 41.827 Thread 0x00007f83c3824000  339       1       java.util.Formatter$Flags::valueOf (5 bytes)
Event: 41.827 Thread 0x00007f83c3815800  340       4       java.util.Arrays::copyOfRange (63 bytes)
Event: 41.827 Thread 0x00007f83c3824000 nmethod 339 0x0000000110154990 code [0x0000000110154ae0, 0x0000000110154bf0]
Event: 41.829 Thread 0x00007f83c3815800 nmethod 340 0x0000000110157c90 code [0x0000000110157de0, 0x0000000110157ff8]
Event: 75.877 Thread 0x00007f83c3824000  341       3       java.util.Calendar::internalSet (8 bytes)
Event: 75.877 Thread 0x00007f83c3824000 nmethod 341 0x00000001101578d0 code [0x0000000110157a40, 0x0000000110157bb0]
Event: 106.543 Thread 0x00007f83c3824000  342       3       java.lang.Thread::interrupted (8 bytes)
Event: 106.543 Thread 0x00007f83c3824000 nmethod 342 0x0000000110157190 code [0x0000000110157300, 0x0000000110157488]

GC Heap History (0 events):
No events

Deoptimization events (0 events):
No events

Internal exceptions (10 events):
Event: 0.223 Thread 0x00007f83c4806000 Exception <a 'java/security/PrivilegedActionException'> (0x000000079575fe10) thrown at [/Users/java_re/workspace/8-2-build-macosx-x86_64/jdk8u111/7883/hotspot/src/share/vm/prims/jvm.cpp, line 1386]
Event: 0.322 Thread 0x00007f83c4806000 Exception <a 'java/lang/NoSuchFieldError': method resolution failed> (0x000000079582b0d0) thrown at [/Users/java_re/workspace/8-2-build-macosx-x86_64/jdk8u111/7883/hotspot/src/share/vm/prims/methodHandles.cpp, line 1146]
Event: 0.326 Thread 0x00007f83c4806000 Exception <a 'java/lang/NoSuchFieldError': method resolution failed> (0x00000007958388a0) thrown at [/Users/java_re/workspace/8-2-build-macosx-x86_64/jdk8u111/7883/hotspot/src/share/vm/prims/methodHandles.cpp, line 1146]
Event: 7.647 Thread 0x00007f83c4806000 Exception <a 'java/lang/NoClassDefFoundError': org/apache/log4j/Category> (0x000000079598c670) thrown at [/Users/java_re/workspace/8-2-build-macosx-x86_64/jdk8u111/7883/hotspot/src/share/vm/classfile/systemDictionary.cpp, line 199]
Event: 7.653 Thread 0x00007f83c4806000 Exception <a 'java/lang/UnsatisfiedLinkError': com.intel.bluetooth.BluetoothStackOSX.isNativeCodeLoaded()Z> (0x00000007959c2fd0) thrown at [/Users/java_re/workspace/8-2-build-macosx-x86_64/jdk8u111/7883/hotspot/src/share/vm/prims/nativeLookup.cpp, line 37
Event: 41.802 Thread 0x00007f83c4806000 Exception <a 'javax/bluetooth/BluetoothConnectionException'> (0x0000000795a0d128) thrown at [/Users/java_re/workspace/8-2-build-macosx-x86_64/jdk8u111/7883/hotspot/src/share/vm/prims/jni.cpp, line 709]
Event: 41.802 Thread 0x00007f83c4806000 Exception <a 'java/lang/NullPointerException'> (0x0000000795a0d338) thrown at [/Users/java_re/workspace/8-2-build-macosx-x86_64/jdk8u111/7883/hotspot/src/share/vm/interpreter/linkResolver.cpp, line 1280]
Event: 75.875 Thread 0x00007f83c4806000 Exception <a 'javax/bluetooth/BluetoothConnectionException'> (0x0000000795a6bde0) thrown at [/Users/java_re/workspace/8-2-build-macosx-x86_64/jdk8u111/7883/hotspot/src/share/vm/prims/jni.cpp, line 709]
Event: 75.875 Thread 0x00007f83c4806000 Exception <a 'java/lang/NullPointerException'> (0x0000000795a6bff0) thrown at [/Users/java_re/workspace/8-2-build-macosx-x86_64/jdk8u111/7883/hotspot/src/share/vm/interpreter/linkResolver.cpp, line 1280]
Event: 109.978 Thread 0x00007f83c4806000 Exception <a 'javax/bluetooth/BluetoothConnectionException'> (0x0000000795a73098) thrown at [/Users/java_re/workspace/8-2-build-macosx-x86_64/jdk8u111/7883/hotspot/src/share/vm/prims/jni.cpp, line 709]

Events (10 events):
Event: 41.829 loading class sun/util/calendar/BaseCalendar$Date done
Event: 41.829 loading class sun/util/calendar/Gregorian$Date done
Event: 41.829 loading class sun/util/calendar/CalendarUtils
Event: 41.829 loading class sun/util/calendar/CalendarUtils done
Event: 41.829 loading class java/text/DateFormatSymbols
Event: 41.830 loading class java/text/DateFormatSymbols done
Event: 41.830 loading class sun/util/locale/provider/DateFormatSymbolsProviderImpl
Event: 41.830 loading class sun/util/locale/provider/DateFormatSymbolsProviderImpl done
Event: 41.830 loading class java/util/Formattable
Event: 41.830 loading class java/util/Formattable done


Dynamic libraries:
0x00000000139f7000 	/System/Library/Frameworks/Cocoa.framework/Versions/A/Cocoa
0x00000000139f7000 	/System/Library/Frameworks/Security.framework/Versions/A/Security
0x00000000139f7000 	/System/Library/Frameworks/ApplicationServices.framework/Versions/A/ApplicationServices
0x00000000139f7000 	/usr/lib/libz.1.dylib
0x00000000139f7000 	/usr/lib/libSystem.B.dylib
0x00000000139f7000 	/usr/lib/libobjc.A.dylib
0x00000000139f7000 	/System/Library/Frameworks/CoreFoundation.framework/Versions/A/CoreFoundation
0x00000000139f7000 	/System/Library/Frameworks/Foundation.framework/Versions/C/Foundation
0x00000000139f7000 	/System/Library/Frameworks/AppKit.framework/Versions/C/AppKit
0x00000000139f7000 	/System/Library/Frameworks/CoreData.framework/Versions/A/CoreData
0x00000000139f7000 	/System/Library/PrivateFrameworks/RemoteViewServices.framework/Versions/A/RemoteViewServices
0x00000000139f7000 	/System/Library/PrivateFrameworks/UIFoundation.framework/Versions/A/UIFoundation
0x00000000139f7000 	/System/Library/PrivateFrameworks/XCTTargetBootstrap.framework/Versions/A/XCTTargetBootstrap
0x00000000139f7000 	/System/Library/PrivateFrameworks/IconServices.framework/Versions/A/IconServices
0x00000000139f7000 	/System/Library/Frameworks/Metal.framework/Versions/A/Metal
0x00000000139f7000 	/System/Library/PrivateFrameworks/DesktopServicesPriv.framework/Versions/A/DesktopServicesPriv
0x00000000139f7000 	/usr/lib/libenergytrace.dylib
0x00000000139f7000 	/System/Library/PrivateFrameworks/SkyLight.framework/Versions/A/SkyLight
0x00000000139f7000 	/System/Library/Frameworks/CoreGraphics.framework/Versions/A/CoreGraphics
0x00000000139f7000 	/System/Library/Frameworks/Accelerate.framework/Versions/A/Accelerate
0x00000000139f7000 	/System/Library/Frameworks/IOSurface.framework/Versions/A/IOSurface
0x00000000139f7000 	/System/Library/PrivateFrameworks/DFRFoundation.framework/Versions/A/DFRFoundation
0x00000000139f7000 	/System/Library/Frameworks/AudioToolbox.framework/Versions/A/AudioToolbox
0x00000000139f7000 	/System/Library/Frameworks/AudioUnit.framework/Versions/A/AudioUnit
0x00000000139f7000 	/System/Library/PrivateFrameworks/DataDetectorsCore.framework/Versions/A/DataDetectorsCore
0x00000000139f7000 	/System/Library/Frameworks/Carbon.framework/Versions/A/Frameworks/HIToolbox.framework/Versions/A/HIToolbox
0x00000000139f7000 	/usr/lib/libicucore.A.dylib
0x00000000139f7000 	/System/Library/Frameworks/QuartzCore.framework/Versions/A/QuartzCore
0x00000000139f7000 	/System/Library/Frameworks/Carbon.framework/Versions/A/Frameworks/SpeechRecognition.framework/Versions/A/SpeechRecognition
0x00000000139f7000 	/usr/lib/libauto.dylib
0x00000000139f7000 	/usr/lib/libxml2.2.dylib
0x00000000139f7000 	/System/Library/PrivateFrameworks/CoreUI.framework/Versions/A/CoreUI
0x00000000139f7000 	/System/Library/Frameworks/CoreAudio.framework/Versions/A/CoreAudio
0x00000000139f7000 	/System/Library/Frameworks/DiskArbitration.framework/Versions/A/DiskArbitration
0x00000000139f7000 	/usr/lib/liblangid.dylib
0x00000000139f7000 	/System/Library/PrivateFrameworks/MultitouchSupport.framework/Versions/A/MultitouchSupport
0x00000000139f7000 	/System/Library/Frameworks/IOKit.framework/Versions/A/IOKit
0x00000000139f7000 	/usr/lib/libDiagnosticMessagesClient.dylib
0x00000000139f7000 	/System/Library/Frameworks/CoreServices.framework/Versions/A/CoreServices
0x00000000139f7000 	/System/Library/PrivateFrameworks/PerformanceAnalysis.framework/Versions/A/PerformanceAnalysis
0x00000000139f7000 	/System/Library/Frameworks/OpenGL.framework/Versions/A/OpenGL
0x00000000139f7000 	/System/Library/Frameworks/ColorSync.framework/Versions/A/ColorSync
0x00000000139f7000 	/System/Library/Frameworks/CoreImage.framework/Versions/A/CoreImage
0x00000000139f7000 	/System/Library/Frameworks/CoreText.framework/Versions/A/CoreText
0x00000000139f7000 	/System/Library/Frameworks/ImageIO.framework/Versions/A/ImageIO
0x00000000139f7000 	/System/Library/PrivateFrameworks/Backup.framework/Versions/A/Backup
0x00000000139f7000 	/usr/lib/libarchive.2.dylib
0x00000000139f7000 	/System/Library/Frameworks/CFNetwork.framework/Versions/A/CFNetwork
0x00000000139f7000 	/System/Library/Frameworks/SystemConfiguration.framework/Versions/A/SystemConfiguration
0x00000000139f7000 	/usr/lib/libCRFSuite.dylib
0x00000000139f7000 	/usr/lib/libc++.1.dylib
0x00000000139f7000 	/usr/lib/libc++abi.dylib
0x00000000139f7000 	/usr/lib/system/libcache.dylib
0x00000000139f7000 	/usr/lib/system/libcommonCrypto.dylib
0x00000000139f7000 	/usr/lib/system/libcompiler_rt.dylib
0x00000000139f7000 	/usr/lib/system/libcopyfile.dylib
0x00000000139f7000 	/usr/lib/system/libcorecrypto.dylib
0x00000000139f7000 	/usr/lib/system/libdispatch.dylib
0x00000000139f7000 	/usr/lib/system/libdyld.dylib
0x00000000139f7000 	/usr/lib/system/libkeymgr.dylib
0x00000000139f7000 	/usr/lib/system/liblaunch.dylib
0x00000000139f7000 	/usr/lib/system/libmacho.dylib
0x00000000139f7000 	/usr/lib/system/libquarantine.dylib
0x00000000139f7000 	/usr/lib/system/libremovefile.dylib
0x00000000139f7000 	/usr/lib/system/libsystem_asl.dylib
0x00000000139f7000 	/usr/lib/system/libsystem_blocks.dylib
0x00000000139f7000 	/usr/lib/system/libsystem_c.dylib
0x00000000139f7000 	/usr/lib/system/libsystem_configuration.dylib
0x00000000139f7000 	/usr/lib/system/libsystem_coreservices.dylib
0x00000000139f7000 	/usr/lib/system/libsystem_darwin.dylib
0x00000000139f7000 	/usr/lib/system/libsystem_dnssd.dylib
0x00000000139f7000 	/usr/lib/system/libsystem_info.dylib
0x00000000139f7000 	/usr/lib/system/libsystem_m.dylib
0x00000000139f7000 	/usr/lib/system/libsystem_malloc.dylib
0x00000000139f7000 	/usr/lib/system/libsystem_networkextension.dylib
0x00000000139f7000 	/usr/lib/system/libsystem_notify.dylib
0x00000000139f7000 	/usr/lib/system/libsystem_sandbox.dylib
0x00000000139f7000 	/usr/lib/system/libsystem_secinit.dylib
0x00000000139f7000 	/usr/lib/system/libsystem_kernel.dylib
0x00000000139f7000 	/usr/lib/system/libsystem_platform.dylib
0x00000000139f7000 	/usr/lib/system/libsystem_pthread.dylib
0x00000000139f7000 	/usr/lib/system/libsystem_symptoms.dylib
0x00000000139f7000 	/usr/lib/system/libsystem_trace.dylib
0x00000000139f7000 	/usr/lib/system/libunwind.dylib
0x00000000139f7000 	/usr/lib/system/libxpc.dylib
0x00000000139f7000 	/usr/lib/libbsm.0.dylib
0x00000000139f7000 	/usr/lib/system/libkxld.dylib
0x00000000139f7000 	/System/Library/PrivateFrameworks/AppleFSCompression.framework/Versions/A/AppleFSCompression
0x00000000139f7000 	/usr/lib/libOpenScriptingUtil.dylib
0x00000000139f7000 	/usr/lib/libcoretls.dylib
0x00000000139f7000 	/usr/lib/libcoretls_cfhelpers.dylib
0x00000000139f7000 	/usr/lib/libpam.2.dylib
0x00000000139f7000 	/usr/lib/libsqlite3.dylib
0x00000000139f7000 	/usr/lib/libxar.1.dylib
0x00000000139f7000 	/usr/lib/libbz2.1.0.dylib
0x00000000139f7000 	/usr/lib/liblzma.5.dylib
0x00000000139f7000 	/usr/lib/libnetwork.dylib
0x00000000139f7000 	/usr/lib/libapple_nghttp2.dylib
0x00000000139f7000 	/usr/lib/libpcap.A.dylib
0x00000000139f7000 	/System/Library/Frameworks/CoreServices.framework/Versions/A/Frameworks/FSEvents.framework/Versions/A/FSEvents
0x00000000139f7000 	/System/Library/Frameworks/CoreServices.framework/Versions/A/Frameworks/CarbonCore.framework/Versions/A/CarbonCore
0x00000000139f7000 	/System/Library/Frameworks/CoreServices.framework/Versions/A/Frameworks/Metadata.framework/Versions/A/Metadata
0x00000000139f7000 	/System/Library/Frameworks/CoreServices.framework/Versions/A/Frameworks/OSServices.framework/Versions/A/OSServices
0x00000000139f7000 	/System/Library/Frameworks/CoreServices.framework/Versions/A/Frameworks/SearchKit.framework/Versions/A/SearchKit
0x00000000139f7000 	/System/Library/Frameworks/CoreServices.framework/Versions/A/Frameworks/AE.framework/Versions/A/AE
0x00000000139f7000 	/System/Library/Frameworks/CoreServices.framework/Versions/A/Frameworks/LaunchServices.framework/Versions/A/LaunchServices
0x00000000139f7000 	/System/Library/Frameworks/CoreServices.framework/Versions/A/Frameworks/DictionaryServices.framework/Versions/A/DictionaryServices
0x00000000139f7000 	/System/Library/Frameworks/CoreServices.framework/Versions/A/Frameworks/SharedFileList.framework/Versions/A/SharedFileList
0x00000000139f7000 	/System/Library/Frameworks/NetFS.framework/Versions/A/NetFS
0x00000000139f7000 	/System/Library/PrivateFrameworks/NetAuth.framework/Versions/A/NetAuth
0x00000000139f7000 	/System/Library/PrivateFrameworks/login.framework/Versions/A/Frameworks/loginsupport.framework/Versions/A/loginsupport
0x00000000139f7000 	/System/Library/PrivateFrameworks/TCC.framework/Versions/A/TCC
0x00000000139f7000 	/System/Library/PrivateFrameworks/CoreNLP.framework/Versions/A/CoreNLP
0x00000000139f7000 	/System/Library/PrivateFrameworks/MetadataUtilities.framework/Versions/A/MetadataUtilities
0x00000000139f7000 	/usr/lib/libmecabra.dylib
0x00000000139f7000 	/System/Library/Frameworks/ApplicationServices.framework/Versions/A/Frameworks/ATS.framework/Versions/A/ATS
0x00000000139f7000 	/System/Library/Frameworks/ApplicationServices.framework/Versions/A/Frameworks/ColorSyncLegacy.framework/Versions/A/ColorSyncLegacy
0x00000000139f7000 	/System/Library/Frameworks/ApplicationServices.framework/Versions/A/Frameworks/HIServices.framework/Versions/A/HIServices
0x00000000139f7000 	/System/Library/Frameworks/ApplicationServices.framework/Versions/A/Frameworks/LangAnalysis.framework/Versions/A/LangAnalysis
0x00000000139f7000 	/System/Library/Frameworks/ApplicationServices.framework/Versions/A/Frameworks/PrintCore.framework/Versions/A/PrintCore
0x00000000139f7000 	/System/Library/Frameworks/ApplicationServices.framework/Versions/A/Frameworks/QD.framework/Versions/A/QD
0x00000000139f7000 	/System/Library/Frameworks/ApplicationServices.framework/Versions/A/Frameworks/SpeechSynthesis.framework/Versions/A/SpeechSynthesis
0x00000000139f7000 	/usr/lib/libcompression.dylib
0x00000000139f7000 	/System/Library/Frameworks/CoreDisplay.framework/Versions/A/CoreDisplay
0x00000000139f7000 	/System/Library/Frameworks/MetalPerformanceShaders.framework/Versions/A/MetalPerformanceShaders
0x00000000139f7000 	/System/Library/Frameworks/Accelerate.framework/Versions/A/Frameworks/vImage.framework/Versions/A/vImage
0x00000000139f7000 	/System/Library/Frameworks/Accelerate.framework/Versions/A/Frameworks/vecLib.framework/Versions/A/vecLib
0x00000000139f7000 	/System/Library/Frameworks/Accelerate.framework/Versions/A/Frameworks/vecLib.framework/Versions/A/libvMisc.dylib
0x00000000139f7000 	/System/Library/Frameworks/Accelerate.framework/Versions/A/Frameworks/vecLib.framework/Versions/A/libvDSP.dylib
0x00000000139f7000 	/System/Library/Frameworks/Accelerate.framework/Versions/A/Frameworks/vecLib.framework/Versions/A/libBLAS.dylib
0x00000000139f7000 	/System/Library/Frameworks/Accelerate.framework/Versions/A/Frameworks/vecLib.framework/Versions/A/libLAPACK.dylib
0x00000000139f7000 	/System/Library/Frameworks/Accelerate.framework/Versions/A/Frameworks/vecLib.framework/Versions/A/libLinearAlgebra.dylib
0x00000000139f7000 	/System/Library/Frameworks/Accelerate.framework/Versions/A/Frameworks/vecLib.framework/Versions/A/libSparseBLAS.dylib
0x00000000139f7000 	/System/Library/Frameworks/Accelerate.framework/Versions/A/Frameworks/vecLib.framework/Versions/A/libQuadrature.dylib
0x00000000139f7000 	/System/Library/Frameworks/Accelerate.framework/Versions/A/Frameworks/vecLib.framework/Versions/A/libBNNS.dylib
0x00000000139f7000 	/System/Library/Frameworks/Accelerate.framework/Versions/A/Frameworks/vecLib.framework/Versions/A/libSparse.dylib
0x00000000139f7000 	/System/Library/PrivateFrameworks/GPUWrangler.framework/Versions/A/GPUWrangler
0x00000000139f7000 	/System/Library/PrivateFrameworks/IOAccelerator.framework/Versions/A/IOAccelerator
0x00000000139f7000 	/System/Library/PrivateFrameworks/IOPresentment.framework/Versions/A/IOPresentment
0x00000000139f7000 	/System/Library/PrivateFrameworks/DSExternalDisplay.framework/Versions/A/DSExternalDisplay
0x00000000139f7000 	/System/Library/Frameworks/OpenGL.framework/Versions/A/Libraries/libCoreFSCache.dylib
0x00000000139f7000 	/System/Library/Frameworks/MetalPerformanceShaders.framework/Frameworks/MPSCore.framework/Versions/A/MPSCore
0x00000000139f7000 	/System/Library/Frameworks/MetalPerformanceShaders.framework/Frameworks/MPSImage.framework/Versions/A/MPSImage
0x00000000139f7000 	/System/Library/Frameworks/MetalPerformanceShaders.framework/Frameworks/MPSNeuralNetwork.framework/Versions/A/MPSNeuralNetwork
0x00000000139f7000 	/System/Library/Frameworks/MetalPerformanceShaders.framework/Frameworks/MPSMatrix.framework/Versions/A/MPSMatrix
0x00000000139f7000 	/System/Library/Frameworks/MetalPerformanceShaders.framework/Frameworks/MPSRayIntersector.framework/Versions/A/MPSRayIntersector
0x00000000139f7000 	/System/Library/PrivateFrameworks/MetalTools.framework/Versions/A/MetalTools
0x00000000139f7000 	/System/Library/PrivateFrameworks/AggregateDictionary.framework/Versions/A/AggregateDictionary
0x00000000139f7000 	/usr/lib/libMobileGestalt.dylib
0x00000000139f7000 	/System/Library/Frameworks/CoreVideo.framework/Versions/A/CoreVideo
0x00000000139f7000 	/System/Library/PrivateFrameworks/GraphVisualizer.framework/Versions/A/GraphVisualizer
0x00000000139f7000 	/System/Library/PrivateFrameworks/FaceCore.framework/Versions/A/FaceCore
0x00000000139f7000 	/System/Library/Frameworks/OpenCL.framework/Versions/A/OpenCL
0x00000000139f7000 	/usr/lib/libFosl_dynamic.dylib
0x00000000139f7000 	/System/Library/PrivateFrameworks/OTSVG.framework/Versions/A/OTSVG
0x00000000139f7000 	/System/Library/Frameworks/ApplicationServices.framework/Versions/A/Frameworks/ATS.framework/Versions/A/Resources/libFontParser.dylib
0x00000000139f7000 	/System/Library/Frameworks/ApplicationServices.framework/Versions/A/Frameworks/ATS.framework/Versions/A/Resources/libFontRegistry.dylib
0x00000000139f7000 	/System/Library/Frameworks/ImageIO.framework/Versions/A/Resources/libJPEG.dylib
0x00000000139f7000 	/System/Library/Frameworks/ImageIO.framework/Versions/A/Resources/libTIFF.dylib
0x00000000139f7000 	/System/Library/Frameworks/ImageIO.framework/Versions/A/Resources/libPng.dylib
0x00000000139f7000 	/System/Library/Frameworks/ImageIO.framework/Versions/A/Resources/libGIF.dylib
0x00000000139f7000 	/System/Library/Frameworks/ImageIO.framework/Versions/A/Resources/libJP2.dylib
0x00000000139f7000 	/System/Library/Frameworks/ImageIO.framework/Versions/A/Resources/libRadiance.dylib
0x00000000139f7000 	/System/Library/PrivateFrameworks/AppleJPEG.framework/Versions/A/AppleJPEG
0x00000000139f7000 	/System/Library/Frameworks/OpenGL.framework/Versions/A/Libraries/libGFXShared.dylib
0x00000000139f7000 	/System/Library/Frameworks/OpenGL.framework/Versions/A/Libraries/libGLU.dylib
0x00000000139f7000 	/System/Library/Frameworks/OpenGL.framework/Versions/A/Libraries/libGL.dylib
0x00000000139f7000 	/System/Library/Frameworks/OpenGL.framework/Versions/A/Libraries/libGLImage.dylib
0x00000000139f7000 	/System/Library/Frameworks/OpenGL.framework/Versions/A/Libraries/libCVMSPluginSupport.dylib
0x00000000139f7000 	/System/Library/Frameworks/OpenGL.framework/Versions/A/Libraries/libCoreVMClient.dylib
0x00000000139f7000 	/usr/lib/libcups.2.dylib
0x00000000139f7000 	/System/Library/Frameworks/Kerberos.framework/Versions/A/Kerberos
0x00000000139f7000 	/System/Library/Frameworks/GSS.framework/Versions/A/GSS
0x00000000139f7000 	/usr/lib/libresolv.9.dylib
0x00000000139f7000 	/usr/lib/libiconv.2.dylib
0x00000000139f7000 	/System/Library/PrivateFrameworks/Heimdal.framework/Versions/A/Heimdal
0x00000000139f7000 	/usr/lib/libheimdal-asn1.dylib
0x00000000139f7000 	/System/Library/Frameworks/OpenDirectory.framework/Versions/A/OpenDirectory
0x00000000139f7000 	/System/Library/PrivateFrameworks/CommonAuth.framework/Versions/A/CommonAuth
0x00000000139f7000 	/System/Library/Frameworks/OpenDirectory.framework/Versions/A/Frameworks/CFOpenDirectory.framework/Versions/A/CFOpenDirectory
0x00000000139f7000 	/System/Library/Frameworks/SecurityFoundation.framework/Versions/A/SecurityFoundation
0x00000000139f7000 	/System/Library/PrivateFrameworks/APFS.framework/Versions/A/APFS
0x00000000139f7000 	/usr/lib/libutil.dylib
0x00000000139f7000 	/usr/lib/libcharset.1.dylib
0x00000000139f7000 	/System/Library/PrivateFrameworks/AppleSauce.framework/Versions/A/AppleSauce
0x00000000139f7000 	/System/Library/PrivateFrameworks/AssertionServices.framework/Versions/A/AssertionServices
0x00000000139f7000 	/System/Library/PrivateFrameworks/BaseBoard.framework/Versions/A/BaseBoard
0x00000000139f7000 	/usr/lib/libmecab.1.0.0.dylib
0x00000000139f7000 	/usr/lib/libgermantok.dylib
0x00000000139f7000 	/usr/lib/libThaiTokenizer.dylib
0x00000000139f7000 	/usr/lib/libChineseTokenizer.dylib
0x00000000139f7000 	/System/Library/PrivateFrameworks/LanguageModeling.framework/Versions/A/LanguageModeling
0x00000000139f7000 	/System/Library/PrivateFrameworks/CoreEmoji.framework/Versions/A/CoreEmoji
0x00000000139f7000 	/System/Library/PrivateFrameworks/Lexicon.framework/Versions/A/Lexicon
0x00000000139f7000 	/System/Library/PrivateFrameworks/LinguisticData.framework/Versions/A/LinguisticData
0x00000000139f7000 	/usr/lib/libcmph.dylib
0x00000000139f7000 	/System/Library/Frameworks/ServiceManagement.framework/Versions/A/ServiceManagement
0x00000000139f7000 	/System/Library/PrivateFrameworks/BackgroundTaskManagement.framework/Versions/A/BackgroundTaskManagement
0x00000000139f7000 	/usr/lib/libxslt.1.dylib
0x00000000139f7000 	/System/Library/Frameworks/Carbon.framework/Versions/A/Frameworks/Ink.framework/Versions/A/Ink
0x00000000139f7000 	/System/Library/PrivateFrameworks/TextureIO.framework/Versions/A/TextureIO
0x00000000139f7000 	/usr/lib/libate.dylib
0x00000000139f7000 	/System/Library/PrivateFrameworks/CrashReporterSupport.framework/Versions/A/CrashReporterSupport
0x00000000139f7000 	/System/Library/PrivateFrameworks/Sharing.framework/Versions/A/Sharing
0x00000000139f7000 	/System/Library/PrivateFrameworks/AuthKit.framework/Versions/A/AuthKit
0x00000000139f7000 	/System/Library/PrivateFrameworks/Apple80211.framework/Versions/A/Apple80211
0x00000000139f7000 	/System/Library/PrivateFrameworks/CoreUtils.framework/Versions/A/CoreUtils
0x00000000139f7000 	/System/Library/Frameworks/CoreWLAN.framework/Versions/A/CoreWLAN
0x00000000139f7000 	/System/Library/Frameworks/IOBluetooth.framework/Versions/A/IOBluetooth
0x00000000139f7000 	/System/Library/PrivateFrameworks/ProtocolBuffer.framework/Versions/A/ProtocolBuffer
0x00000000139f7000 	/System/Library/PrivateFrameworks/MobileKeyBag.framework/Versions/A/MobileKeyBag
0x00000000139f7000 	/System/Library/PrivateFrameworks/CorePhoneNumbers.framework/Versions/A/CorePhoneNumbers
0x00000000139f7000 	/System/Library/PrivateFrameworks/AppleIDAuthSupport.framework/Versions/A/AppleIDAuthSupport
0x00000000139f7000 	/System/Library/PrivateFrameworks/KeychainCircle.framework/Versions/A/KeychainCircle
0x00000000139f7000 	/System/Library/PrivateFrameworks/ROCKit.framework/Versions/A/ROCKit
0x00000000139f7000 	/System/Library/PrivateFrameworks/CoreWiFi.framework/Versions/A/CoreWiFi
0x00000000139f7000 	/System/Library/Frameworks/CoreBluetooth.framework/Versions/A/CoreBluetooth
0x00000000139f7000 	/System/Library/PrivateFrameworks/DebugSymbols.framework/Versions/A/DebugSymbols
0x00000000139f7000 	/System/Library/PrivateFrameworks/CoreSymbolication.framework/Versions/A/CoreSymbolication
0x00000000139f7000 	/System/Library/PrivateFrameworks/Symbolication.framework/Versions/A/Symbolication
0x00000000139f7000 	/System/Library/PrivateFrameworks/SpeechRecognitionCore.framework/Versions/A/SpeechRecognitionCore
0x000000010f000000 	/Library/Java/JavaVirtualMachines/jdk1.8.0_111.jdk/Contents/Home/jre/lib/server/libjvm.dylib
0x00000000139f7000 	/usr/lib/libstdc++.6.dylib
0x000000010e2e6000 	/Library/Java/JavaVirtualMachines/jdk1.8.0_111.jdk/Contents/Home/jre/lib/libverify.dylib
0x000000010e2f4000 	/Library/Java/JavaVirtualMachines/jdk1.8.0_111.jdk/Contents/Home/jre/lib/libjava.dylib
0x000000010e373000 	/Library/Java/JavaVirtualMachines/jdk1.8.0_111.jdk/Contents/Home/jre/lib/libzip.dylib
0x00000000139f7000 	/System/Library/Frameworks/JavaVM.framework/Versions/A/Frameworks/JavaRuntimeSupport.framework/Versions/A/JavaRuntimeSupport
0x00000000139f7000 	/System/Library/Frameworks/JavaVM.framework/Versions/A/Frameworks/JavaNativeFoundation.framework/Versions/A/JavaNativeFoundation
0x00000000139f7000 	/System/Library/Frameworks/JavaVM.framework/Versions/A/JavaVM
0x00000000139f7000 	/System/Library/Frameworks/Carbon.framework/Versions/A/Carbon
0x00000000139f7000 	/System/Library/PrivateFrameworks/JavaLaunching.framework/Versions/A/JavaLaunching
0x00000000139f7000 	/System/Library/Frameworks/Carbon.framework/Versions/A/Frameworks/CommonPanels.framework/Versions/A/CommonPanels
0x00000000139f7000 	/System/Library/Frameworks/Carbon.framework/Versions/A/Frameworks/Help.framework/Versions/A/Help
0x00000000139f7000 	/System/Library/Frameworks/Carbon.framework/Versions/A/Frameworks/ImageCapture.framework/Versions/A/ImageCapture
0x00000000139f7000 	/System/Library/Frameworks/Carbon.framework/Versions/A/Frameworks/OpenScripting.framework/Versions/A/OpenScripting
0x00000000139f7000 	/System/Library/Frameworks/Carbon.framework/Versions/A/Frameworks/Print.framework/Versions/A/Print
0x00000000139f7000 	/System/Library/Frameworks/Carbon.framework/Versions/A/Frameworks/SecurityHI.framework/Versions/A/SecurityHI
0x000000010e786000 	/Library/Java/JavaVirtualMachines/jdk1.8.0_111.jdk/Contents/Home/jre/lib/libnet.dylib
0x000000010e7e5000 	/Library/Java/JavaVirtualMachines/jdk1.8.0_111.jdk/Contents/Home/jre/lib/libnio.dylib
0x0000000126fd6000 	/private/var/folders/j0/m6tgr96x72s3chm5stvggyhc0000gn/T/bluecove_luchiparejo_0/libbluecove.jnilib

VM Arguments:
jvm_args: -Dfile.encoding=UTF-8 
java_command: connection.SendPatient
java_class_path (initial): /Users/luchiparejo/Downloads/descargas apps/bluecove-2.1.2.jar:/Users/luchiparejo/Downloads/4 CARRERA/telemedicina/Patient2/patient/build/classes
Launcher Type: SUN_STANDARD

Environment Variables:
PATH=/usr/bin:/bin:/usr/sbin:/sbin
LD_LIBRARY_PATH=/Library/Java/JavaVirtualMachines/jdk1.8.0_111.jdk/Contents/Home/jre/lib/amd64:/Library/Java/JavaVirtualMachines/jdk1.8.0_111.jdk/Contents/Home/jre/lib/i386:
SHELL=/bin/bash

Signal Handlers:
SIGSEGV: [libjvm.dylib+0x5b03ed], sa_mask[0]=11111111011111110111111111111111, sa_flags=SA_ONSTACK|SA_RESTART|SA_SIGINFO
SIGBUS: [libjvm.dylib+0x5b03ed], sa_mask[0]=11111111011111110111111111111111, sa_flags=SA_RESTART|SA_SIGINFO
SIGFPE: [libjvm.dylib+0x48711c], sa_mask[0]=11111111011111110111111111111111, sa_flags=SA_RESTART|SA_SIGINFO
SIGPIPE: [libjvm.dylib+0x48711c], sa_mask[0]=11111111011111110111111111111111, sa_flags=SA_RESTART|SA_SIGINFO
SIGXFSZ: [libjvm.dylib+0x48711c], sa_mask[0]=11111111011111110111111111111111, sa_flags=SA_RESTART|SA_SIGINFO
SIGILL: [libjvm.dylib+0x48711c], sa_mask[0]=11111111011111110111111111111111, sa_flags=SA_RESTART|SA_SIGINFO
SIGUSR1: SIG_DFL, sa_mask[0]=00000000000000000000000000000000, sa_flags=none
SIGUSR2: [libjvm.dylib+0x486c3a], sa_mask[0]=00100000000000000000000000000000, sa_flags=SA_RESTART|SA_SIGINFO
SIGHUP: [libjvm.dylib+0x485211], sa_mask[0]=11111111011111110111111111111111, sa_flags=SA_RESTART|SA_SIGINFO
SIGINT: SIG_IGN, sa_mask[0]=00000000000000000000000000000000, sa_flags=none
SIGTERM: [libjvm.dylib+0x485211], sa_mask[0]=11111111011111110111111111111111, sa_flags=SA_RESTART|SA_SIGINFO
SIGQUIT: [libjvm.dylib+0x485211], sa_mask[0]=11111111011111110111111111111111, sa_flags=SA_RESTART|SA_SIGINFO


---------------  S Y S T E M  ---------------

OS:Bsduname:Darwin 18.2.0 Darwin Kernel Version 18.2.0: Fri Oct  5 19:41:49 PDT 2018; root:xnu-4903.221.2~2/RELEASE_X86_64 x86_64
rlimit: STACK 8192k, CORE 0k, NPROC 709, NOFILE 10240, AS infinity
load average:1.76 1.71 1.68

CPU:total 4 (2 cores per cpu, 2 threads per core) family 6 model 61 stepping 4, cmov, cx8, fxsr, mmx, sse, sse2, sse3, ssse3, sse4.1, sse4.2, popcnt, avx, avx2, aes, clmul, erms, rtm, 3dnowpref, lzcnt, ht, tsc, tscinvbit, bmi1, bmi2, adx

Memory: 4k page, physical 8388608k(186160k free)

/proc/meminfo:


vm_info: Java HotSpot(TM) 64-Bit Server VM (25.111-b14) for bsd-amd64 JRE (1.8.0_111-b14), built on Sep 22 2016 15:31:41 by "java_re" with gcc 4.2.1 (Based on Apple Inc. build 5658) (LLVM build 2336.11.00)

time: Thu Nov 22 19:45:55 2018
elapsed time: 109 seconds (0d 0h 1m 49s)

